==============================================================================
20170204 11:50:27.674 - INFO - + START SUITE: Acceptancetest [ ]
==============================================================================
20170204 11:50:28.401 - INFO - +- START SUITE: Acceptancetest.CSV-JSONConversion [ ]
==============================================================================
20170204 11:50:28.489 - INFO - +-- START TEST: CSV to JSON to CSV Yields Original [ ]
------------------------------------------------------------------------------
20170204 11:50:28.503 - INFO - +--- START KW: OperatingSystem.Get File [ src/test/resources/grades.csv ]
20170204 11:50:28.711 - INFO - ${contents} = "ID","Total","Assignment 1","Assignment 2","Exam 1"
"111278","611","146","128","337"
"111352","867","227","228","412"
"111373","461","96","90","275"
"111305","835","220","217","398"
"111399","898","22...
20170204 11:50:28.746 - INFO - +--- END KW: OperatingSystem.Get File (216)
~~~~~~~~~~~~~~~~~~~~~~~~~~~~~~~~~~~~~~~~~~~~~~~~~~~~~~~~~~~~~~~~~~~~~~~~~~~~~~
20170204 11:50:28.750 - INFO - +--- START KW: keywords.ConverterKeywords.Convert To Json [ ${contents} ]
20170204 11:50:28.765 - INFO - ${json} = {"rowHeaders":["111278","111352","111373","111305","111399","111160","111276","111241"],"data":[[611,146,128,337],[867,227,228,412],[461,96,90,275],[835,220,217,398],[898,226,229,443],[454,77,125,252]...
20170204 11:50:28.770 - INFO - +--- END KW: keywords.ConverterKeywords.Convert To Json (20)
~~~~~~~~~~~~~~~~~~~~~~~~~~~~~~~~~~~~~~~~~~~~~~~~~~~~~~~~~~~~~~~~~~~~~~~~~~~~~~
20170204 11:50:28.914 - INFO - +--- START KW: keywords.ConverterKeywords.Convert To Csv [ ${json} ]
20170204 11:50:28.961 - INFO - ${csv} = "ID","Total","Assignment 1","Assignment 2","Exam 1"
"111278","611","146","128","337"
"111352","867","227","228","412"
"111373","461","96","90","275"
"111305","835","220","217","398"
"111399","898","22...
20170204 11:50:28.967 - INFO - +--- END KW: keywords.ConverterKeywords.Convert To Csv (192)
~~~~~~~~~~~~~~~~~~~~~~~~~~~~~~~~~~~~~~~~~~~~~~~~~~~~~~~~~~~~~~~~~~~~~~~~~~~~~~
20170204 11:50:28.970 - INFO - +--- START KW: BuiltIn.Should Be Equal [ ${contents} | ${csv} ]
20170204 11:50:28.995 - INFO - +--- END KW: BuiltIn.Should Be Equal (24)
------------------------------------------------------------------------------
20170204 11:50:29.056 - INFO - +-- END TEST: CSV to JSON to CSV Yields Original (564)
------------------------------------------------------------------------------
20170204 11:50:29.082 - INFO - +-- START TEST: JSON to CSV to JSON Yields Original [ ]
------------------------------------------------------------------------------
20170204 11:50:29.091 - INFO - +--- START KW: OperatingSystem.Get File [ src/test/resources/grades.json ]
20170204 11:50:29.259 - INFO - ${contents} = {
    "colHeaders":["Total","Assignment 1","Assignment 2","Exam 1"],
    "rowHeaders":["111278","111352","111373","111305","111399","111160","111276","111241"],
    "data":[[611,146,128,337],
        ...
20170204 11:50:29.264 - INFO - +--- END KW: OperatingSystem.Get File (171)
~~~~~~~~~~~~~~~~~~~~~~~~~~~~~~~~~~~~~~~~~~~~~~~~~~~~~~~~~~~~~~~~~~~~~~~~~~~~~~
20170204 11:50:29.267 - INFO - +--- START KW: keywords.ConverterKeywords.Convert To Csv [ ${contents} ]
20170204 11:50:29.325 - INFO - ${csv} = "ID","Total","Assignment 1","Assignment 2","Exam 1"
"111278","611","146","128","337"
"111352","867","227","228","412"
"111373","461","96","90","275"
"111305","835","220","217","398"
"111399","898","22...
20170204 11:50:29.331 - INFO - +--- END KW: keywords.ConverterKeywords.Convert To Csv (62)
~~~~~~~~~~~~~~~~~~~~~~~~~~~~~~~~~~~~~~~~~~~~~~~~~~~~~~~~~~~~~~~~~~~~~~~~~~~~~~
20170204 11:50:29.338 - INFO - +--- START KW: keywords.ConverterKeywords.Convert To Json [ ${csv} ]
20170204 11:50:29.405 - INFO - ${json} = {"rowHeaders":["111278","111352","111373","111305","111399","111160","111276","111241"],"data":[[611,146,128,337],[867,227,228,412],[461,96,90,275],[835,220,217,398],[898,226,229,443],[454,77,125,252]...
20170204 11:50:29.412 - INFO - +--- END KW: keywords.ConverterKeywords.Convert To Json (77)
~~~~~~~~~~~~~~~~~~~~~~~~~~~~~~~~~~~~~~~~~~~~~~~~~~~~~~~~~~~~~~~~~~~~~~~~~~~~~~
20170204 11:50:29.427 - INFO - +--- START KW: keywords.ConverterKeywords.Json Strings Are Equal [ ${contents} | ${json} ]
20170204 11:50:29.472 - INFO - ${same} = True
20170204 11:50:29.476 - INFO - +--- END KW: keywords.ConverterKeywords.Json Strings Are Equal (60)
~~~~~~~~~~~~~~~~~~~~~~~~~~~~~~~~~~~~~~~~~~~~~~~~~~~~~~~~~~~~~~~~~~~~~~~~~~~~~~
20170204 11:50:29.528 - INFO - +--- START KW: BuiltIn.Should Be True [ ${same} ]
20170204 11:50:29.537 - INFO - +--- END KW: BuiltIn.Should Be True (57)
------------------------------------------------------------------------------
20170204 11:50:29.550 - INFO - +-- END TEST: JSON to CSV to JSON Yields Original (471)
------------------------------------------------------------------------------
20170204 11:50:29.657 - INFO - +- END SUITE: Acceptancetest.CSV-JSONConversion (1872)
==============================================================================
20170204 11:50:29.730 - INFO - + END SUITE: Acceptancetest (3100)
==============================================================================
